1698824187013:help
1698824197051:determine user
1698824202893:determine-user
1698824212012:start-exam
1698824220244:start-testing
1698827611554:determine-user
1698827621648:start-testing
1698828673309:determine-user
1698828681251:start-testing
1698828688051:show-result
1698840299758:determine-user
1698840305092:start-test
1698840320924:start-testing
1698840331093:show-result
1698840375127:determine-user
1698840387557:start-testing
1698840398517:show-result
1698840632121:determine-user
1698840639457:start-testing
1698840646041:show-result
1698840711715:determine-user
1698840719146:start-testing
1698840725114:show-result
1698840838518:1
1698840839379:2
1698840844819:exit
1698841336986:show-result
1698842459495:determine-user
1698842470478:start-testing
1698842476631:show-result
1698842485087:exit
1698845533785:st
1698845536298:help
1698845542992:start-testing
1698862265388:help
1698862279364:determine-user
1698862288373:start-testing
1698862298188:show-result
